Thu, 22 Feb 2024 20:53:43 GMT OPTIONS /auth/login 204 0.717 ms
Thu, 22 Feb 2024 20:53:43 GMT POST /auth/login 200 144.216 ms
Thu, 22 Feb 2024 20:53:44 GMT OPTIONS /profile/admin/getDashboardContents 204 0.220 ms
Thu, 22 Feb 2024 20:53:44 GMT GET /profile/admin/getDashboardContents 200 686.633 ms
Thu, 22 Feb 2024 20:54:59 GMT OPTIONS /profile/admin/getDashboardContents 204 0.092 ms
Thu, 22 Feb 2024 20:55:00 GMT GET /profile/admin/getDashboardContents 304 585.719 ms
Thu, 22 Feb 2024 20:55:03 GMT GET /profile/admin/getDashboardContents 304 643.672 ms
Thu, 22 Feb 2024 20:55:11 GMT OPTIONS /profile/admin/getDashboardContents 204 0.090 ms
Thu, 22 Feb 2024 20:55:12 GMT GET /profile/admin/getDashboardContents 304 639.950 ms
Thu, 22 Feb 2024 20:55:34 GMT OPTIONS /profile/admin/getDashboardContents 204 0.120 ms
Thu, 22 Feb 2024 20:55:35 GMT GET /profile/admin/getDashboardContents 304 621.219 ms
Thu, 22 Feb 2024 20:55:38 GMT GET /profile/admin/getDashboardContents 304 615.886 ms
Thu, 22 Feb 2024 20:55:45 GMT OPTIONS /profile/admin/getDashboardContents 204 0.108 ms
Thu, 22 Feb 2024 20:55:46 GMT GET /profile/admin/getDashboardContents 304 676.662 ms
Thu, 22 Feb 2024 20:55:47 GMT GET /profile/admin/getDashboardContents 304 562.204 ms
Thu, 22 Feb 2024 20:56:40 GMT OPTIONS /profile/admin/getDashboardContents 204 0.096 ms
Thu, 22 Feb 2024 20:56:41 GMT GET /profile/admin/getDashboardContents 304 607.759 ms
Thu, 22 Feb 2024 20:56:46 GMT OPTIONS /profile/admin/getDashboardContents 204 0.147 ms
Thu, 22 Feb 2024 20:56:46 GMT GET /profile/admin/getDashboardContents 304 582.940 ms
Thu, 22 Feb 2024 20:57:02 GMT OPTIONS /profile/admin/getDashboardContents 204 0.100 ms
Thu, 22 Feb 2024 20:57:03 GMT GET /profile/admin/getDashboardContents 304 740.087 ms
Thu, 22 Feb 2024 20:59:29 GMT OPTIONS /profile/admin/getDashboardContents 204 0.167 ms
Thu, 22 Feb 2024 20:59:30 GMT GET /profile/admin/getDashboardContents 304 622.875 ms
Thu, 22 Feb 2024 20:59:34 GMT OPTIONS /profile/admin/getDashboardContents 204 0.125 ms
Thu, 22 Feb 2024 20:59:35 GMT GET /profile/admin/getDashboardContents 304 622.349 ms
Thu, 22 Feb 2024 21:01:57 GMT OPTIONS /profile/admin/getDashboardContents 204 0.106 ms
Thu, 22 Feb 2024 21:01:57 GMT GET /profile/admin/getDashboardContents 304 680.383 ms
Thu, 22 Feb 2024 21:02:07 GMT OPTIONS /profile/admin/getDashboardContents 204 0.095 ms
Thu, 22 Feb 2024 21:02:07 GMT GET /profile/admin/getDashboardContents 304 630.673 ms
Thu, 22 Feb 2024 21:02:07 GMT GET /profile/admin/getDashboardContents - - ms
Thu, 22 Feb 2024 21:02:08 GMT GET /profile/admin/getDashboardContents - - ms
Thu, 22 Feb 2024 21:02:08 GMT GET /profile/admin/getDashboardContents 200 578.517 ms
Thu, 22 Feb 2024 21:04:49 GMT OPTIONS /profile/admin/getDashboardContents 204 0.093 ms
Thu, 22 Feb 2024 21:04:49 GMT GET /profile/admin/getDashboardContents 304 614.491 ms
Thu, 22 Feb 2024 21:05:52 GMT OPTIONS /profile/admin/getDashboardContents 204 0.108 ms
Thu, 22 Feb 2024 21:05:52 GMT GET /profile/admin/getDashboardContents 304 601.296 ms
Thu, 22 Feb 2024 21:06:41 GMT OPTIONS /profile/admin/getDashboardContents 204 0.100 ms
Thu, 22 Feb 2024 21:06:42 GMT GET /profile/admin/getDashboardContents 304 796.580 ms
Thu, 22 Feb 2024 21:07:42 GMT OPTIONS /profile/admin/getDashboardContents 204 0.099 ms
Thu, 22 Feb 2024 21:07:43 GMT GET /profile/admin/getDashboardContents 304 613.161 ms
Thu, 22 Feb 2024 21:08:32 GMT OPTIONS /profile/admin/getDashboardContents 204 0.118 ms
Thu, 22 Feb 2024 21:08:33 GMT GET /profile/admin/getDashboardContents 304 612.112 ms
Thu, 22 Feb 2024 21:09:06 GMT OPTIONS /profile/admin/getDashboardContents 204 0.089 ms
Thu, 22 Feb 2024 21:09:07 GMT GET /profile/admin/getDashboardContents 304 631.406 ms
Thu, 22 Feb 2024 21:09:52 GMT OPTIONS /profile/admin/getDashboardContents 204 0.093 ms
Thu, 22 Feb 2024 21:09:53 GMT GET /profile/admin/getDashboardContents 304 627.207 ms
Thu, 22 Feb 2024 21:11:07 GMT OPTIONS /profile/admin/getDashboardContents 204 0.081 ms
Thu, 22 Feb 2024 21:11:07 GMT GET /profile/admin/getDashboardContents 304 619.564 ms
Thu, 22 Feb 2024 21:13:21 GMT OPTIONS /profile/admin/getDashboardContents 204 0.083 ms
Thu, 22 Feb 2024 21:13:22 GMT GET /profile/admin/getDashboardContents 304 1027.872 ms
Thu, 22 Feb 2024 21:14:25 GMT OPTIONS /profile/admin/getDashboardContents 204 0.091 ms
Thu, 22 Feb 2024 21:14:26 GMT GET /profile/admin/getDashboardContents 304 658.841 ms
Thu, 22 Feb 2024 21:15:13 GMT OPTIONS /profile/admin/getDashboardContents 204 0.089 ms
Thu, 22 Feb 2024 21:15:14 GMT GET /profile/admin/getDashboardContents 304 634.093 ms
Thu, 22 Feb 2024 21:15:15 GMT GET /updatecount 200 166.251 ms
Thu, 22 Feb 2024 21:15:20 GMT GET /updatecount 200 148.618 ms
Thu, 22 Feb 2024 21:21:03 GMT OPTIONS /auth/login 204 0.097 ms
Thu, 22 Feb 2024 21:21:03 GMT POST /auth/login 200 149.370 ms
Thu, 22 Feb 2024 21:21:04 GMT OPTIONS /profile/admin/getDashboardContents 204 0.090 ms
Thu, 22 Feb 2024 21:21:04 GMT GET /profile/admin/getDashboardContents 200 591.193 ms
Thu, 22 Feb 2024 21:22:57 GMT OPTIONS /auth/login 204 2.082 ms
Thu, 22 Feb 2024 21:22:57 GMT POST /auth/login 200 148.291 ms
Thu, 22 Feb 2024 21:22:57 GMT OPTIONS /profile/admin/getDashboardContents 204 0.136 ms
Thu, 22 Feb 2024 21:22:57 GMT GET /profile/admin/getDashboardContents 304 628.715 ms
Thu, 22 Feb 2024 21:23:39 GMT OPTIONS /profile/admin/getDashboardContents 204 0.090 ms
Thu, 22 Feb 2024 21:23:40 GMT GET /profile/admin/getDashboardContents 304 598.191 ms
Thu, 22 Feb 2024 21:23:41 GMT GET /profile/admin/getDashboardContents 304 570.483 ms
Thu, 22 Feb 2024 21:23:45 GMT OPTIONS /profile/admin/getDashboardContents 204 0.143 ms
Thu, 22 Feb 2024 21:23:45 GMT GET /profile/admin/getDashboardContents 304 556.908 ms
Thu, 22 Feb 2024 21:24:45 GMT OPTIONS /profile/admin/getDashboardContents 204 0.136 ms
Thu, 22 Feb 2024 21:24:45 GMT GET /profile/admin/getDashboardContents 304 579.094 ms
Thu, 22 Feb 2024 21:24:53 GMT OPTIONS /profile/admin/getDashboardContents 204 0.157 ms
Thu, 22 Feb 2024 21:24:54 GMT GET /profile/admin/getDashboardContents 304 621.232 ms
Thu, 22 Feb 2024 21:25:04 GMT OPTIONS /profile/admin/getDashboardContents 204 0.099 ms
Thu, 22 Feb 2024 21:25:04 GMT GET /profile/admin/getDashboardContents 304 565.381 ms
Thu, 22 Feb 2024 21:25:07 GMT GET /profile/admin/getDashboardContents 304 563.494 ms
Thu, 22 Feb 2024 21:25:21 GMT OPTIONS /profile/admin/getDashboardContents 204 0.084 ms
Thu, 22 Feb 2024 21:25:21 GMT GET /profile/admin/getDashboardContents 304 556.582 ms
Thu, 22 Feb 2024 21:35:17 GMT OPTIONS /profile/admin/getDashboardContents 204 0.109 ms
Thu, 22 Feb 2024 21:35:18 GMT GET /profile/admin/getDashboardContents 304 566.786 ms
Thu, 22 Feb 2024 21:35:56 GMT OPTIONS /profile/admin/getDashboardContents 204 0.195 ms
Thu, 22 Feb 2024 21:35:56 GMT GET /profile/admin/getDashboardContents 304 563.906 ms
Thu, 22 Feb 2024 21:35:58 GMT GET /updatecount 200 146.588 ms
Thu, 22 Feb 2024 21:36:02 GMT GET /updatecount 200 154.589 ms
Thu, 22 Feb 2024 21:36:20 GMT OPTIONS /auth/login 204 0.331 ms
Thu, 22 Feb 2024 21:36:21 GMT POST /auth/login 200 141.502 ms
Thu, 22 Feb 2024 21:36:53 GMT OPTIONS /profile/admin/getDashboardContents 204 0.119 ms
Thu, 22 Feb 2024 21:36:54 GMT GET /profile/admin/getDashboardContents 200 570.072 ms
Thu, 22 Feb 2024 21:39:28 GMT OPTIONS /profile/admin/getDashboardContents 204 0.091 ms
Thu, 22 Feb 2024 21:39:28 GMT GET /profile/admin/getDashboardContents 304 595.006 ms
Thu, 22 Feb 2024 21:39:30 GMT OPTIONS /profile/admin/getAllUsers 204 0.104 ms
Thu, 22 Feb 2024 21:39:30 GMT GET /profile/admin/getAllUsers 200 164.550 ms
Thu, 22 Feb 2024 21:39:31 GMT OPTIONS /profile/admin/getAllEmployee 204 0.100 ms
Thu, 22 Feb 2024 21:39:31 GMT GET /profile/admin/getAllEmployee 304 83.787 ms
Thu, 22 Feb 2024 21:39:32 GMT OPTIONS /profile/admin/getAllProducts 204 0.145 ms
Thu, 22 Feb 2024 21:39:33 GMT GET /profile/admin/getAllProducts 200 228.890 ms
Thu, 22 Feb 2024 21:39:34 GMT OPTIONS /profile/admin/getAllOrders 204 0.101 ms
Thu, 22 Feb 2024 21:39:34 GMT GET /profile/admin/getAllOrders 200 242.455 ms
Thu, 22 Feb 2024 21:39:36 GMT OPTIONS /profile/admin/getAllFeedbacks 204 0.092 ms
Thu, 22 Feb 2024 21:39:36 GMT GET /profile/admin/getAllFeedbacks 200 81.641 ms
Thu, 22 Feb 2024 21:39:37 GMT OPTIONS /profile/admin/getAllAnnouncements 204 0.151 ms
Thu, 22 Feb 2024 21:39:37 GMT GET /profile/admin/getAllAnnouncements 304 78.565 ms
Thu, 22 Feb 2024 21:40:21 GMT OPTIONS /profile/admin/getAllAnnouncements 204 0.133 ms
Thu, 22 Feb 2024 21:40:21 GMT GET /profile/admin/getAllAnnouncements 304 88.408 ms
Thu, 22 Feb 2024 21:40:23 GMT GET /profile/admin/getAllAnnouncements 304 74.658 ms
Thu, 22 Feb 2024 21:41:36 GMT OPTIONS /profile/admin/getAllAnnouncements 204 0.093 ms
Thu, 22 Feb 2024 21:41:36 GMT GET /profile/admin/getAllAnnouncements 304 90.392 ms
Thu, 22 Feb 2024 21:45:54 GMT GET /updatecount 200 138.392 ms
Thu, 22 Feb 2024 21:46:14 GMT GET /updatecount 200 147.980 ms
Thu, 22 Feb 2024 21:46:51 GMT OPTIONS /auth/login 204 0.080 ms
Thu, 22 Feb 2024 21:46:51 GMT POST /auth/login 200 136.530 ms
Thu, 22 Feb 2024 21:46:51 GMT OPTIONS /profile/admin/getDashboardContents 204 0.109 ms
Thu, 22 Feb 2024 21:46:52 GMT GET /profile/admin/getDashboardContents 200 593.205 ms
Thu, 22 Feb 2024 21:47:49 GMT OPTIONS /profile/admin/getAllUsers 204 0.116 ms
Thu, 22 Feb 2024 21:47:49 GMT GET /profile/admin/getAllUsers 304 162.473 ms
Thu, 22 Feb 2024 21:47:54 GMT GET /profile/admin/getAllUsers 304 152.800 ms
Thu, 22 Feb 2024 21:47:59 GMT OPTIONS /profile/admin/getAllUsers 204 0.091 ms
Thu, 22 Feb 2024 21:47:59 GMT GET /profile/admin/getAllUsers 304 157.316 ms
Thu, 22 Feb 2024 21:48:01 GMT OPTIONS /profile/admin/getAllEmployee 204 0.155 ms
Thu, 22 Feb 2024 21:48:01 GMT GET /profile/admin/getAllEmployee 304 81.025 ms
Thu, 22 Feb 2024 21:48:02 GMT OPTIONS /profile/admin/getAllProducts 204 0.122 ms
Thu, 22 Feb 2024 21:48:02 GMT GET /profile/admin/getAllProducts 304 202.247 ms
Thu, 22 Feb 2024 21:48:04 GMT OPTIONS /profile/admin/getAllOrders 204 0.076 ms
Thu, 22 Feb 2024 21:48:04 GMT GET /profile/admin/getAllOrders 304 200.823 ms
Thu, 22 Feb 2024 21:48:07 GMT GET /updatecount 200 157.960 ms
Thu, 22 Feb 2024 21:50:01 GMT OPTIONS /auth/login 204 0.072 ms
Thu, 22 Feb 2024 21:50:01 GMT POST /auth/login 200 138.249 ms
Thu, 22 Feb 2024 21:50:01 GMT OPTIONS /profile/admin/getDashboardContents 204 0.081 ms
Thu, 22 Feb 2024 21:50:02 GMT GET /profile/admin/getDashboardContents 200 594.663 ms
Thu, 22 Feb 2024 21:50:05 GMT GET /profile/admin/getDashboardContents 304 563.110 ms
Thu, 22 Feb 2024 21:50:49 GMT OPTIONS /profile/admin/getDashboardContents 204 0.088 ms
Thu, 22 Feb 2024 21:50:49 GMT GET /profile/admin/getDashboardContents 304 570.438 ms
Thu, 22 Feb 2024 21:52:58 GMT OPTIONS /profile/admin/getDashboardContents 204 0.119 ms
Thu, 22 Feb 2024 21:52:59 GMT GET /profile/admin/getDashboardContents 304 567.349 ms
Thu, 22 Feb 2024 21:53:13 GMT OPTIONS /profile/admin/getDashboardContents 204 0.085 ms
Thu, 22 Feb 2024 21:53:14 GMT GET /profile/admin/getDashboardContents 304 571.449 ms
Thu, 22 Feb 2024 21:53:55 GMT OPTIONS /profile/admin/getDashboardContents 204 0.096 ms
Thu, 22 Feb 2024 21:53:56 GMT GET /profile/admin/getDashboardContents 304 595.435 ms
Thu, 22 Feb 2024 21:54:58 GMT OPTIONS /profile/admin/getDashboardContents 204 0.087 ms
Thu, 22 Feb 2024 21:54:59 GMT GET /profile/admin/getDashboardContents 304 544.987 ms
Thu, 22 Feb 2024 21:55:42 GMT OPTIONS /profile/admin/getDashboardContents 204 0.080 ms
Thu, 22 Feb 2024 21:55:42 GMT GET /profile/admin/getDashboardContents 304 574.440 ms
Thu, 22 Feb 2024 21:56:28 GMT OPTIONS /profile/admin/getDashboardContents 204 0.082 ms
Thu, 22 Feb 2024 21:56:28 GMT GET /profile/admin/getDashboardContents 304 596.909 ms
Thu, 22 Feb 2024 21:56:53 GMT OPTIONS /profile/admin/getDashboardContents 204 0.128 ms
Thu, 22 Feb 2024 21:56:53 GMT GET /profile/admin/getDashboardContents 304 571.664 ms
Thu, 22 Feb 2024 21:57:33 GMT OPTIONS /profile/admin/getDashboardContents 204 0.082 ms
Thu, 22 Feb 2024 21:57:34 GMT GET /profile/admin/getDashboardContents 304 601.357 ms
Thu, 22 Feb 2024 21:57:35 GMT GET /profile/admin/getDashboardContents 304 568.730 ms
Thu, 22 Feb 2024 21:59:18 GMT OPTIONS /profile/admin/getDashboardContents 204 0.138 ms
Thu, 22 Feb 2024 21:59:18 GMT GET /profile/admin/getDashboardContents 304 638.270 ms
Thu, 22 Feb 2024 21:59:47 GMT OPTIONS /profile/admin/getDashboardContents 204 0.087 ms
Thu, 22 Feb 2024 21:59:47 GMT GET /profile/admin/getDashboardContents 304 581.453 ms
Thu, 22 Feb 2024 22:06:27 GMT OPTIONS /profile/admin/getDashboardContents 204 0.829 ms
Thu, 22 Feb 2024 22:06:27 GMT GET /profile/admin/getDashboardContents 304 607.266 ms
Thu, 22 Feb 2024 22:06:41 GMT OPTIONS /profile/admin/getDashboardContents 204 0.139 ms
Thu, 22 Feb 2024 22:06:42 GMT GET /profile/admin/getDashboardContents 304 594.088 ms
Thu, 22 Feb 2024 22:06:45 GMT GET /profile/admin/getDashboardContents 304 601.281 ms
Thu, 22 Feb 2024 22:06:47 GMT OPTIONS /profile/admin/getDashboardContents 204 0.089 ms
Thu, 22 Feb 2024 22:06:48 GMT GET /profile/admin/getDashboardContents 304 594.259 ms
Thu, 22 Feb 2024 22:07:39 GMT OPTIONS /profile/admin/getDashboardContents 204 0.088 ms
Thu, 22 Feb 2024 22:07:40 GMT GET /profile/admin/getDashboardContents 304 606.364 ms
Thu, 22 Feb 2024 22:07:41 GMT GET /profile/admin/getDashboardContents 304 709.736 ms
Thu, 22 Feb 2024 22:07:53 GMT OPTIONS /profile/admin/getDashboardContents 204 0.122 ms
Thu, 22 Feb 2024 22:07:54 GMT GET /profile/admin/getDashboardContents 304 573.520 ms
Thu, 22 Feb 2024 22:07:56 GMT GET /profile/admin/getDashboardContents 304 662.650 ms
Thu, 22 Feb 2024 22:07:59 GMT GET /profile/admin/getDashboardContents 304 553.919 ms
Thu, 22 Feb 2024 22:07:59 GMT OPTIONS /profile/admin/getDashboardContents 204 0.091 ms
Thu, 22 Feb 2024 22:07:59 GMT GET /profile/admin/getDashboardContents 304 572.137 ms
Thu, 22 Feb 2024 22:08:04 GMT OPTIONS /profile/admin/getDashboardContents 204 0.153 ms
Thu, 22 Feb 2024 22:08:05 GMT GET /profile/admin/getDashboardContents 304 572.489 ms
Thu, 22 Feb 2024 22:08:08 GMT GET /profile/admin/getDashboardContents 304 575.882 ms
Thu, 22 Feb 2024 22:08:12 GMT OPTIONS /profile/admin/getDashboardContents 204 0.102 ms
Thu, 22 Feb 2024 22:08:13 GMT GET /profile/admin/getDashboardContents 304 552.723 ms
Thu, 22 Feb 2024 22:08:18 GMT OPTIONS /profile/admin/getDashboardContents 204 0.176 ms
Thu, 22 Feb 2024 22:08:18 GMT GET /profile/admin/getDashboardContents 304 584.641 ms
Thu, 22 Feb 2024 22:08:21 GMT GET /profile/admin/getDashboardContents 304 567.545 ms
Thu, 22 Feb 2024 22:08:45 GMT OPTIONS /profile/admin/getAllAnnouncements 204 0.098 ms
Thu, 22 Feb 2024 22:08:45 GMT GET /profile/admin/getAllAnnouncements 304 110.160 ms
Thu, 22 Feb 2024 22:09:02 GMT OPTIONS /profile/admin/getAllFeedbacks 204 0.106 ms
Thu, 22 Feb 2024 22:09:02 GMT GET /profile/admin/getAllFeedbacks 304 74.887 ms
Thu, 22 Feb 2024 22:09:08 GMT OPTIONS /profile/admin/getAllOrders 204 0.088 ms
Thu, 22 Feb 2024 22:09:08 GMT GET /profile/admin/getAllOrders 304 215.139 ms
Thu, 22 Feb 2024 22:09:10 GMT OPTIONS /profile/admin/getAllProducts 204 0.103 ms
Thu, 22 Feb 2024 22:09:10 GMT GET /profile/admin/getAllProducts 304 235.990 ms
Thu, 22 Feb 2024 22:09:11 GMT OPTIONS /profile/admin/getAllEmployee 204 0.102 ms
Thu, 22 Feb 2024 22:09:12 GMT GET /profile/admin/getAllEmployee 304 86.693 ms
Fri, 23 Feb 2024 06:11:38 GMT GET /food 201 169.846 ms
Fri, 23 Feb 2024 06:11:51 GMT GET /accessory 201 119.251 ms
Fri, 23 Feb 2024 06:11:54 GMT GET /accessory 201 159.134 ms
Fri, 23 Feb 2024 06:11:56 GMT GET /accessory 201 86.827 ms
Fri, 23 Feb 2024 06:12:00 GMT GET /accessory 201 306.250 ms
Fri, 23 Feb 2024 06:12:01 GMT GET /accessory 201 232.032 ms
Fri, 23 Feb 2024 06:12:03 GMT GET /food 201 202.858 ms
